Procedure hata: ConnectionError: Failed to connect to 10.10.20.15:1433 in 15000ms
    at C:\Users\nurcan.ahmet\Desktop\zsazsazsu-backend\node_modules\mssql\lib\tedious\connection-pool.js:85:17
    at Connection.onConnect (C:\Users\nurcan.ahmet\Desktop\zsazsazsu-backend\node_modules\tedious\lib\connection.js:874:9)
    at Object.onceWrapper (node:events:623:26)
    at Connection.emit (node:events:508:28)
    at Connection.emit (C:\Users\nurcan.ahmet\Desktop\zsazsazsu-backend\node_modules\tedious\lib\connection.js:1013:18)
    at C:\Users\nurcan.ahmet\Desktop\zsazsazsu-backend\node_modules\tedious\lib\connection.js:892:14
    at process.processTicksAndRejections (node:internal/process/task_queues:85:11) {
  code: 'ETIMEOUT',
  originalError: ConnectionError: Failed to connect to 10.10.20.15:1433 in 15000ms
      at Timeout.<anonymous> (C:\Users\nurcan.ahmet\Desktop\zsazsazsu-backend\node_modules\tedious\lib\connection.js:1041:31)
      at listOnTimeout (node:internal/timers:605:17)
      at process.processTimers (node:internal/timers:541:7) {
    code: 'ETIMEOUT'
  }
}
Hedef sorgu hatası: ConnectionError: Failed to connect to 10.10.20.15:1433 in 15000ms
    at C:\Users\nurcan.ahmet\Desktop\zsazsazsu-backend\node_modules\mssql\lib\tedious\connection-pool.js:85:17
    at Connection.onConnect (C:\Users\nurcan.ahmet\Desktop\zsazsazsu-backend\node_modules\tedious\lib\connection.js:874:9)
    at Object.onceWrapper (node:events:623:26)
    at Connection.emit (node:events:508:28)
    at Connection.emit (C:\Users\nurcan.ahmet\Desktop\zsazsazsu-backend\node_modules\tedious\lib\connection.js:1013:18)
    at C:\Users\nurcan.ahmet\Desktop\zsazsazsu-backend\node_modules\tedious\lib\connection.js:892:14
    at process.processTicksAndRejections (node:internal/process/task_queues:85:11) {
  code: 'ETIMEOUT',
  originalError: ConnectionError: Failed to connect to 10.10.20.15:1433 in 15000ms
      at Timeout.<anonymous> (C:\Users\nurcan.ahmet\Desktop\zsazsazsu-backend\node_modules\tedious\lib\connection.js:1041:31)
      at listOnTimeout (node:internal/timers:605:17)
      at process.processTimers (node:internal/timers:541:7) {
    code: 'ETIMEOUT'
  }
}
Procedure hata: ConnectionError: Failed to connect to 10.10.20.15:1433 in 15000ms
    at C:\Users\nurcan.ahmet\Desktop\zsazsazsu-backend\node_modules\mssql\lib\tedious\connection-pool.js:85:17
    at Connection.onConnect (C:\Users\nurcan.ahmet\Desktop\zsazsazsu-backend\node_modules\tedious\lib\connection.js:874:9)
    at Object.onceWrapper (node:events:623:26)
    at Connection.emit (node:events:508:28)
    at Connection.emit (C:\Users\nurcan.ahmet\Desktop\zsazsazsu-backend\node_modules\tedious\lib\connection.js:1013:18)
    at C:\Users\nurcan.ahmet\Desktop\zsazsazsu-backend\node_modules\tedious\lib\connection.js:892:14
    at process.processTicksAndRejections (node:internal/process/task_queues:85:11) {
  code: 'ETIMEOUT',
  originalError: ConnectionError: Failed to connect to 10.10.20.15:1433 in 15000ms
      at Timeout.<anonymous> (C:\Users\nurcan.ahmet\Desktop\zsazsazsu-backend\node_modules\tedious\lib\connection.js:1041:31)
      at listOnTimeout (node:internal/timers:605:17)
      at process.processTimers (node:internal/timers:541:7) {
    code: 'ETIMEOUT'
  }
}
Hedef sorgu hatası: ConnectionError: Failed to connect to 10.10.20.15:1433 in 15000ms
    at C:\Users\nurcan.ahmet\Desktop\zsazsazsu-backend\node_modules\mssql\lib\tedious\connection-pool.js:85:17
    at Connection.onConnect (C:\Users\nurcan.ahmet\Desktop\zsazsazsu-backend\node_modules\tedious\lib\connection.js:874:9)
    at Object.onceWrapper (node:events:623:26)
    at Connection.emit (node:events:508:28)
    at Connection.emit (C:\Users\nurcan.ahmet\Desktop\zsazsazsu-backend\node_modules\tedious\lib\connection.js:1013:18)
    at C:\Users\nurcan.ahmet\Desktop\zsazsazsu-backend\node_modules\tedious\lib\connection.js:892:14
    at process.processTicksAndRejections (node:internal/process/task_queues:85:11) {
  code: 'ETIMEOUT',
  originalError: ConnectionError: Failed to connect to 10.10.20.15:1433 in 15000ms
      at Timeout.<anonymous> (C:\Users\nurcan.ahmet\Desktop\zsazsazsu-backend\node_modules\tedious\lib\connection.js:1041:31)
      at listOnTimeout (node:internal/timers:605:17)
      at process.processTimers (node:internal/timers:541:7) {
    code: 'ETIMEOUT'
  }
}
Procedure hata: ConnectionError: Failed to connect to 10.10.20.15:1433 in 15000ms
    at C:\Users\nurcan.ahmet\Desktop\zsazsazsu-backend\node_modules\mssql\lib\tedious\connection-pool.js:85:17
    at Connection.onConnect (C:\Users\nurcan.ahmet\Desktop\zsazsazsu-backend\node_modules\tedious\lib\connection.js:874:9)
    at Object.onceWrapper (node:events:623:26)
    at Connection.emit (node:events:508:28)
    at Connection.emit (C:\Users\nurcan.ahmet\Desktop\zsazsazsu-backend\node_modules\tedious\lib\connection.js:1013:18)
    at C:\Users\nurcan.ahmet\Desktop\zsazsazsu-backend\node_modules\tedious\lib\connection.js:892:14
    at process.processTicksAndRejections (node:internal/process/task_queues:85:11) {
  code: 'ETIMEOUT',
  originalError: ConnectionError: Failed to connect to 10.10.20.15:1433 in 15000ms
      at Timeout.<anonymous> (C:\Users\nurcan.ahmet\Desktop\zsazsazsu-backend\node_modules\tedious\lib\connection.js:1041:31)
      at listOnTimeout (node:internal/timers:605:17)
      at process.processTimers (node:internal/timers:541:7) {
    code: 'ETIMEOUT'
  }
}
Hedef sorgu hatası: ConnectionError: Failed to connect to 10.10.20.15:1433 in 15000ms
    at C:\Users\nurcan.ahmet\Desktop\zsazsazsu-backend\node_modules\mssql\lib\tedious\connection-pool.js:85:17
    at Connection.onConnect (C:\Users\nurcan.ahmet\Desktop\zsazsazsu-backend\node_modules\tedious\lib\connection.js:874:9)
    at Object.onceWrapper (node:events:623:26)
    at Connection.emit (node:events:508:28)
    at Connection.emit (C:\Users\nurcan.ahmet\Desktop\zsazsazsu-backend\node_modules\tedious\lib\connection.js:1013:18)
    at C:\Users\nurcan.ahmet\Desktop\zsazsazsu-backend\node_modules\tedious\lib\connection.js:892:14
    at process.processTicksAndRejections (node:internal/process/task_queues:85:11) {
  code: 'ETIMEOUT',
  originalError: ConnectionError: Failed to connect to 10.10.20.15:1433 in 15000ms
      at Timeout.<anonymous> (C:\Users\nurcan.ahmet\Desktop\zsazsazsu-backend\node_modules\tedious\lib\connection.js:1041:31)
      at listOnTimeout (node:internal/timers:605:17)
      at process.processTimers (node:internal/timers:541:7) {
    code: 'ETIMEOUT'
  }
}
Procedure hata: ConnectionError: Failed to connect to 10.10.20.15:1433 in 15000ms
    at C:\Users\nurcan.ahmet\Desktop\zsazsazsu-backend\node_modules\mssql\lib\tedious\connection-pool.js:85:17
    at Connection.onConnect (C:\Users\nurcan.ahmet\Desktop\zsazsazsu-backend\node_modules\tedious\lib\connection.js:874:9)
    at Object.onceWrapper (node:events:623:26)
    at Connection.emit (node:events:508:28)
    at Connection.emit (C:\Users\nurcan.ahmet\Desktop\zsazsazsu-backend\node_modules\tedious\lib\connection.js:1013:18)
    at C:\Users\nurcan.ahmet\Desktop\zsazsazsu-backend\node_modules\tedious\lib\connection.js:892:14
    at process.processTicksAndRejections (node:internal/process/task_queues:85:11) {
  code: 'ETIMEOUT',
  originalError: ConnectionError: Failed to connect to 10.10.20.15:1433 in 15000ms
      at Timeout.<anonymous> (C:\Users\nurcan.ahmet\Desktop\zsazsazsu-backend\node_modules\tedious\lib\connection.js:1041:31)
      at listOnTimeout (node:internal/timers:605:17)
      at process.processTimers (node:internal/timers:541:7) {
    code: 'ETIMEOUT'
  }
}
Hedef sorgu hatası: ConnectionError: Failed to connect to 10.10.20.15:1433 in 15000ms
    at C:\Users\nurcan.ahmet\Desktop\zsazsazsu-backend\node_modules\mssql\lib\tedious\connection-pool.js:85:17
    at Connection.onConnect (C:\Users\nurcan.ahmet\Desktop\zsazsazsu-backend\node_modules\tedious\lib\connection.js:874:9)
    at Object.onceWrapper (node:events:623:26)
    at Connection.emit (node:events:508:28)
    at Connection.emit (C:\Users\nurcan.ahmet\Desktop\zsazsazsu-backend\node_modules\tedious\lib\connection.js:1013:18)
    at C:\Users\nurcan.ahmet\Desktop\zsazsazsu-backend\node_modules\tedious\lib\connection.js:892:14
    at process.processTicksAndRejections (node:internal/process/task_queues:85:11) {
  code: 'ETIMEOUT',
  originalError: ConnectionError: Failed to connect to 10.10.20.15:1433 in 15000ms
      at Timeout.<anonymous> (C:\Users\nurcan.ahmet\Desktop\zsazsazsu-backend\node_modules\tedious\lib\connection.js:1041:31)
      at listOnTimeout (node:internal/timers:605:17)
      at process.processTimers (node:internal/timers:541:7) {
    code: 'ETIMEOUT'
  }
}
Procedure hata: ConnectionError: Failed to connect to 10.10.20.15:1433 in 15000ms
    at C:\Users\nurcan.ahmet\Desktop\zsazsazsu-backend\node_modules\mssql\lib\tedious\connection-pool.js:85:17
    at Connection.onConnect (C:\Users\nurcan.ahmet\Desktop\zsazsazsu-backend\node_modules\tedious\lib\connection.js:874:9)
    at Object.onceWrapper (node:events:623:26)
    at Connection.emit (node:events:508:28)
    at Connection.emit (C:\Users\nurcan.ahmet\Desktop\zsazsazsu-backend\node_modules\tedious\lib\connection.js:1013:18)
    at C:\Users\nurcan.ahmet\Desktop\zsazsazsu-backend\node_modules\tedious\lib\connection.js:892:14
    at processTicksAndRejections (node:internal/process/task_queues:85:11)
    at runNextTicks (node:internal/process/task_queues:69:3)
    at listOnTimeout (node:internal/timers:567:9)
    at process.processTimers (node:internal/timers:541:7) {
  code: 'ETIMEOUT',
  originalError: ConnectionError: Failed to connect to 10.10.20.15:1433 in 15000ms
      at Timeout.<anonymous> (C:\Users\nurcan.ahmet\Desktop\zsazsazsu-backend\node_modules\tedious\lib\connection.js:1041:31)
      at listOnTimeout (node:internal/timers:605:17)
      at process.processTimers (node:internal/timers:541:7) {
    code: 'ETIMEOUT'
  }
}
Hedef sorgu hatası: ConnectionError: Failed to connect to 10.10.20.15:1433 in 15000ms
    at C:\Users\nurcan.ahmet\Desktop\zsazsazsu-backend\node_modules\mssql\lib\tedious\connection-pool.js:85:17
    at Connection.onConnect (C:\Users\nurcan.ahmet\Desktop\zsazsazsu-backend\node_modules\tedious\lib\connection.js:874:9)
    at Object.onceWrapper (node:events:623:26)
    at Connection.emit (node:events:508:28)
    at Connection.emit (C:\Users\nurcan.ahmet\Desktop\zsazsazsu-backend\node_modules\tedious\lib\connection.js:1013:18)
    at C:\Users\nurcan.ahmet\Desktop\zsazsazsu-backend\node_modules\tedious\lib\connection.js:892:14
    at process.processTicksAndRejections (node:internal/process/task_queues:85:11) {
  code: 'ETIMEOUT',
  originalError: ConnectionError: Failed to connect to 10.10.20.15:1433 in 15000ms
      at Timeout.<anonymous> (C:\Users\nurcan.ahmet\Desktop\zsazsazsu-backend\node_modules\tedious\lib\connection.js:1041:31)
      at listOnTimeout (node:internal/timers:605:17)
      at process.processTimers (node:internal/timers:541:7) {
    code: 'ETIMEOUT'
  }
}
Procedure hata: ConnectionError: Failed to connect to 10.10.20.15:1433 in 15000ms
    at C:\Users\nurcan.ahmet\Desktop\zsazsazsu-backend\node_modules\mssql\lib\tedious\connection-pool.js:85:17
    at Connection.onConnect (C:\Users\nurcan.ahmet\Desktop\zsazsazsu-backend\node_modules\tedious\lib\connection.js:874:9)
    at Object.onceWrapper (node:events:623:26)
    at Connection.emit (node:events:508:28)
    at Connection.emit (C:\Users\nurcan.ahmet\Desktop\zsazsazsu-backend\node_modules\tedious\lib\connection.js:1013:18)
    at C:\Users\nurcan.ahmet\Desktop\zsazsazsu-backend\node_modules\tedious\lib\connection.js:892:14
    at process.processTicksAndRejections (node:internal/process/task_queues:85:11) {
  code: 'ETIMEOUT',
  originalError: ConnectionError: Failed to connect to 10.10.20.15:1433 in 15000ms
      at Timeout.<anonymous> (C:\Users\nurcan.ahmet\Desktop\zsazsazsu-backend\node_modules\tedious\lib\connection.js:1041:31)
      at listOnTimeout (node:internal/timers:605:17)
      at process.processTimers (node:internal/timers:541:7) {
    code: 'ETIMEOUT'
  }
}
Hedef sorgu hatası: ConnectionError: Failed to connect to 10.10.20.15:1433 in 15000ms
    at C:\Users\nurcan.ahmet\Desktop\zsazsazsu-backend\node_modules\mssql\lib\tedious\connection-pool.js:85:17
    at Connection.onConnect (C:\Users\nurcan.ahmet\Desktop\zsazsazsu-backend\node_modules\tedious\lib\connection.js:874:9)
    at Object.onceWrapper (node:events:623:26)
    at Connection.emit (node:events:508:28)
    at Connection.emit (C:\Users\nurcan.ahmet\Desktop\zsazsazsu-backend\node_modules\tedious\lib\connection.js:1013:18)
    at C:\Users\nurcan.ahmet\Desktop\zsazsazsu-backend\node_modules\tedious\lib\connection.js:892:14
    at processTicksAndRejections (node:internal/process/task_queues:85:11)
    at runNextTicks (node:internal/process/task_queues:69:3)
    at process.processTimers (node:internal/timers:538:9) {
  code: 'ETIMEOUT',
  originalError: ConnectionError: Failed to connect to 10.10.20.15:1433 in 15000ms
      at Timeout.<anonymous> (C:\Users\nurcan.ahmet\Desktop\zsazsazsu-backend\node_modules\tedious\lib\connection.js:1041:31)
      at listOnTimeout (node:internal/timers:605:17)
      at process.processTimers (node:internal/timers:541:7) {
    code: 'ETIMEOUT'
  }
}
Procedure hata: ConnectionError: Failed to connect to 10.10.20.15:1433 in 15000ms
    at C:\Users\nurcan.ahmet\Desktop\zsazsazsu-backend\node_modules\mssql\lib\tedious\connection-pool.js:85:17
    at Connection.onConnect (C:\Users\nurcan.ahmet\Desktop\zsazsazsu-backend\node_modules\tedious\lib\connection.js:874:9)
    at Object.onceWrapper (node:events:623:26)
    at Connection.emit (node:events:508:28)
    at Connection.emit (C:\Users\nurcan.ahmet\Desktop\zsazsazsu-backend\node_modules\tedious\lib\connection.js:1013:18)
    at C:\Users\nurcan.ahmet\Desktop\zsazsazsu-backend\node_modules\tedious\lib\connection.js:892:14
    at process.processTicksAndRejections (node:internal/process/task_queues:85:11) {
  code: 'ETIMEOUT',
  originalError: ConnectionError: Failed to connect to 10.10.20.15:1433 in 15000ms
      at Timeout.<anonymous> (C:\Users\nurcan.ahmet\Desktop\zsazsazsu-backend\node_modules\tedious\lib\connection.js:1041:31)
      at listOnTimeout (node:internal/timers:605:17)
      at process.processTimers (node:internal/timers:541:7) {
    code: 'ETIMEOUT'
  }
}
Hedef sorgu hatası: ConnectionError: Failed to connect to 10.10.20.15:1433 in 15000ms
    at C:\Users\nurcan.ahmet\Desktop\zsazsazsu-backend\node_modules\mssql\lib\tedious\connection-pool.js:85:17
    at Connection.onConnect (C:\Users\nurcan.ahmet\Desktop\zsazsazsu-backend\node_modules\tedious\lib\connection.js:874:9)
    at Object.onceWrapper (node:events:623:26)
    at Connection.emit (node:events:508:28)
    at Connection.emit (C:\Users\nurcan.ahmet\Desktop\zsazsazsu-backend\node_modules\tedious\lib\connection.js:1013:18)
    at C:\Users\nurcan.ahmet\Desktop\zsazsazsu-backend\node_modules\tedious\lib\connection.js:892:14
    at process.processTicksAndRejections (node:internal/process/task_queues:85:11) {
  code: 'ETIMEOUT',
  originalError: ConnectionError: Failed to connect to 10.10.20.15:1433 in 15000ms
      at Timeout.<anonymous> (C:\Users\nurcan.ahmet\Desktop\zsazsazsu-backend\node_modules\tedious\lib\connection.js:1041:31)
      at listOnTimeout (node:internal/timers:605:17)
      at process.processTimers (node:internal/timers:541:7) {
    code: 'ETIMEOUT'
  }
}
Procedure hata: ConnectionError: Failed to connect to 10.10.20.15:1433 in 15000ms
    at C:\Users\nurcan.ahmet\Desktop\zsazsazsu-backend\node_modules\mssql\lib\tedious\connection-pool.js:85:17
    at Connection.onConnect (C:\Users\nurcan.ahmet\Desktop\zsazsazsu-backend\node_modules\tedious\lib\connection.js:874:9)
    at Object.onceWrapper (node:events:623:26)
    at Connection.emit (node:events:508:28)
    at Connection.emit (C:\Users\nurcan.ahmet\Desktop\zsazsazsu-backend\node_modules\tedious\lib\connection.js:1013:18)
    at C:\Users\nurcan.ahmet\Desktop\zsazsazsu-backend\node_modules\tedious\lib\connection.js:892:14
    at process.processTicksAndRejections (node:internal/process/task_queues:85:11) {
  code: 'ETIMEOUT',
  originalError: ConnectionError: Failed to connect to 10.10.20.15:1433 in 15000ms
      at Timeout.<anonymous> (C:\Users\nurcan.ahmet\Desktop\zsazsazsu-backend\node_modules\tedious\lib\connection.js:1041:31)
      at listOnTimeout (node:internal/timers:605:17)
      at process.processTimers (node:internal/timers:541:7) {
    code: 'ETIMEOUT'
  }
}
Hedef sorgu hatası: ConnectionError: Failed to connect to 10.10.20.15:1433 in 15000ms
    at C:\Users\nurcan.ahmet\Desktop\zsazsazsu-backend\node_modules\mssql\lib\tedious\connection-pool.js:85:17
    at Connection.onConnect (C:\Users\nurcan.ahmet\Desktop\zsazsazsu-backend\node_modules\tedious\lib\connection.js:874:9)
    at Object.onceWrapper (node:events:623:26)
    at Connection.emit (node:events:508:28)
    at Connection.emit (C:\Users\nurcan.ahmet\Desktop\zsazsazsu-backend\node_modules\tedious\lib\connection.js:1013:18)
    at C:\Users\nurcan.ahmet\Desktop\zsazsazsu-backend\node_modules\tedious\lib\connection.js:892:14
    at process.processTicksAndRejections (node:internal/process/task_queues:85:11) {
  code: 'ETIMEOUT',
  originalError: ConnectionError: Failed to connect to 10.10.20.15:1433 in 15000ms
      at Timeout.<anonymous> (C:\Users\nurcan.ahmet\Desktop\zsazsazsu-backend\node_modules\tedious\lib\connection.js:1041:31)
      at listOnTimeout (node:internal/timers:605:17)
      at process.processTimers (node:internal/timers:541:7) {
    code: 'ETIMEOUT'
  }
}
Procedure hata: ConnectionError: Failed to connect to 10.10.20.15:1433 in 15000ms
    at C:\Users\nurcan.ahmet\Desktop\zsazsazsu-backend\node_modules\mssql\lib\tedious\connection-pool.js:85:17
    at Connection.onConnect (C:\Users\nurcan.ahmet\Desktop\zsazsazsu-backend\node_modules\tedious\lib\connection.js:874:9)
    at Object.onceWrapper (node:events:623:26)
    at Connection.emit (node:events:508:28)
    at Connection.emit (C:\Users\nurcan.ahmet\Desktop\zsazsazsu-backend\node_modules\tedious\lib\connection.js:1013:18)
    at C:\Users\nurcan.ahmet\Desktop\zsazsazsu-backend\node_modules\tedious\lib\connection.js:892:14
    at processTicksAndRejections (node:internal/process/task_queues:85:11)
    at runNextTicks (node:internal/process/task_queues:69:3)
    at process.processTimers (node:internal/timers:538:9) {
  code: 'ETIMEOUT',
  originalError: ConnectionError: Failed to connect to 10.10.20.15:1433 in 15000ms
      at Timeout.<anonymous> (C:\Users\nurcan.ahmet\Desktop\zsazsazsu-backend\node_modules\tedious\lib\connection.js:1041:31)
      at listOnTimeout (node:internal/timers:605:17)
      at process.processTimers (node:internal/timers:541:7) {
    code: 'ETIMEOUT'
  }
}
Hedef sorgu hatası: ConnectionError: Failed to connect to 10.10.20.15:1433 in 15000ms
    at C:\Users\nurcan.ahmet\Desktop\zsazsazsu-backend\node_modules\mssql\lib\tedious\connection-pool.js:85:17
    at Connection.onConnect (C:\Users\nurcan.ahmet\Desktop\zsazsazsu-backend\node_modules\tedious\lib\connection.js:874:9)
    at Object.onceWrapper (node:events:623:26)
    at Connection.emit (node:events:508:28)
    at Connection.emit (C:\Users\nurcan.ahmet\Desktop\zsazsazsu-backend\node_modules\tedious\lib\connection.js:1013:18)
    at C:\Users\nurcan.ahmet\Desktop\zsazsazsu-backend\node_modules\tedious\lib\connection.js:892:14
    at process.processTicksAndRejections (node:internal/process/task_queues:85:11) {
  code: 'ETIMEOUT',
  originalError: ConnectionError: Failed to connect to 10.10.20.15:1433 in 15000ms
      at Timeout.<anonymous> (C:\Users\nurcan.ahmet\Desktop\zsazsazsu-backend\node_modules\tedious\lib\connection.js:1041:31)
      at listOnTimeout (node:internal/timers:605:17)
      at process.processTimers (node:internal/timers:541:7) {
    code: 'ETIMEOUT'
  }
}
Procedure hata: ConnectionError: Failed to connect to 10.10.20.15:1433 in 15000ms
    at C:\Users\nurcan.ahmet\Desktop\zsazsazsu-backend\node_modules\mssql\lib\tedious\connection-pool.js:85:17
    at Connection.onConnect (C:\Users\nurcan.ahmet\Desktop\zsazsazsu-backend\node_modules\tedious\lib\connection.js:874:9)
    at Object.onceWrapper (node:events:623:26)
    at Connection.emit (node:events:508:28)
    at Connection.emit (C:\Users\nurcan.ahmet\Desktop\zsazsazsu-backend\node_modules\tedious\lib\connection.js:1013:18)
    at C:\Users\nurcan.ahmet\Desktop\zsazsazsu-backend\node_modules\tedious\lib\connection.js:892:14
    at process.processTicksAndRejections (node:internal/process/task_queues:85:11) {
  code: 'ETIMEOUT',
  originalError: ConnectionError: Failed to connect to 10.10.20.15:1433 in 15000ms
      at Timeout.<anonymous> (C:\Users\nurcan.ahmet\Desktop\zsazsazsu-backend\node_modules\tedious\lib\connection.js:1041:31)
      at listOnTimeout (node:internal/timers:605:17)
      at process.processTimers (node:internal/timers:541:7) {
    code: 'ETIMEOUT'
  }
}
Hedef sorgu hatası: ConnectionError: Failed to connect to 10.10.20.15:1433 in 15000ms
    at C:\Users\nurcan.ahmet\Desktop\zsazsazsu-backend\node_modules\mssql\lib\tedious\connection-pool.js:85:17
    at Connection.onConnect (C:\Users\nurcan.ahmet\Desktop\zsazsazsu-backend\node_modules\tedious\lib\connection.js:874:9)
    at Object.onceWrapper (node:events:623:26)
    at Connection.emit (node:events:508:28)
    at Connection.emit (C:\Users\nurcan.ahmet\Desktop\zsazsazsu-backend\node_modules\tedious\lib\connection.js:1013:18)
    at C:\Users\nurcan.ahmet\Desktop\zsazsazsu-backend\node_modules\tedious\lib\connection.js:892:14
    at process.processTicksAndRejections (node:internal/process/task_queues:85:11) {
  code: 'ETIMEOUT',
  originalError: ConnectionError: Failed to connect to 10.10.20.15:1433 in 15000ms
      at Timeout.<anonymous> (C:\Users\nurcan.ahmet\Desktop\zsazsazsu-backend\node_modules\tedious\lib\connection.js:1041:31)
      at listOnTimeout (node:internal/timers:605:17)
      at process.processTimers (node:internal/timers:541:7) {
    code: 'ETIMEOUT'
  }
}
Procedure hata: ConnectionError: Failed to connect to 10.10.20.15:1433 in 15000ms
    at C:\Users\nurcan.ahmet\Desktop\zsazsazsu-backend\node_modules\mssql\lib\tedious\connection-pool.js:85:17
    at Connection.onConnect (C:\Users\nurcan.ahmet\Desktop\zsazsazsu-backend\node_modules\tedious\lib\connection.js:874:9)
    at Object.onceWrapper (node:events:623:26)
    at Connection.emit (node:events:508:28)
    at Connection.emit (C:\Users\nurcan.ahmet\Desktop\zsazsazsu-backend\node_modules\tedious\lib\connection.js:1013:18)
    at C:\Users\nurcan.ahmet\Desktop\zsazsazsu-backend\node_modules\tedious\lib\connection.js:892:14
    at process.processTicksAndRejections (node:internal/process/task_queues:85:11) {
  code: 'ETIMEOUT',
  originalError: ConnectionError: Failed to connect to 10.10.20.15:1433 in 15000ms
      at Timeout.<anonymous> (C:\Users\nurcan.ahmet\Desktop\zsazsazsu-backend\node_modules\tedious\lib\connection.js:1041:31)
      at listOnTimeout (node:internal/timers:605:17)
      at process.processTimers (node:internal/timers:541:7) {
    code: 'ETIMEOUT'
  }
}
Hedef sorgu hatası: ConnectionError: Failed to connect to 10.10.20.15:1433 in 15000ms
    at C:\Users\nurcan.ahmet\Desktop\zsazsazsu-backend\node_modules\mssql\lib\tedious\connection-pool.js:85:17
    at Connection.onConnect (C:\Users\nurcan.ahmet\Desktop\zsazsazsu-backend\node_modules\tedious\lib\connection.js:874:9)
    at Object.onceWrapper (node:events:623:26)
    at Connection.emit (node:events:508:28)
    at Connection.emit (C:\Users\nurcan.ahmet\Desktop\zsazsazsu-backend\node_modules\tedious\lib\connection.js:1013:18)
    at C:\Users\nurcan.ahmet\Desktop\zsazsazsu-backend\node_modules\tedious\lib\connection.js:892:14
    at process.processTicksAndRejections (node:internal/process/task_queues:85:11) {
  code: 'ETIMEOUT',
  originalError: ConnectionError: Failed to connect to 10.10.20.15:1433 in 15000ms
      at Timeout.<anonymous> (C:\Users\nurcan.ahmet\Desktop\zsazsazsu-backend\node_modules\tedious\lib\connection.js:1041:31)
      at listOnTimeout (node:internal/timers:605:17)
      at process.processTimers (node:internal/timers:541:7) {
    code: 'ETIMEOUT'
  }
}
Procedure hata: ConnectionError: Failed to connect to 10.10.20.15:1433 in 15000ms
    at C:\Users\nurcan.ahmet\Desktop\zsazsazsu-backend\node_modules\mssql\lib\tedious\connection-pool.js:85:17
    at Connection.onConnect (C:\Users\nurcan.ahmet\Desktop\zsazsazsu-backend\node_modules\tedious\lib\connection.js:874:9)
    at Object.onceWrapper (node:events:623:26)
    at Connection.emit (node:events:508:28)
    at Connection.emit (C:\Users\nurcan.ahmet\Desktop\zsazsazsu-backend\node_modules\tedious\lib\connection.js:1013:18)
    at C:\Users\nurcan.ahmet\Desktop\zsazsazsu-backend\node_modules\tedious\lib\connection.js:892:14
    at process.processTicksAndRejections (node:internal/process/task_queues:85:11) {
  code: 'ETIMEOUT',
  originalError: ConnectionError: Failed to connect to 10.10.20.15:1433 in 15000ms
      at Timeout.<anonymous> (C:\Users\nurcan.ahmet\Desktop\zsazsazsu-backend\node_modules\tedious\lib\connection.js:1041:31)
      at listOnTimeout (node:internal/timers:605:17)
      at process.processTimers (node:internal/timers:541:7) {
    code: 'ETIMEOUT'
  }
}
Hedef sorgu hatası: ConnectionError: Failed to connect to 10.10.20.15:1433 in 15000ms
    at C:\Users\nurcan.ahmet\Desktop\zsazsazsu-backend\node_modules\mssql\lib\tedious\connection-pool.js:85:17
    at Connection.onConnect (C:\Users\nurcan.ahmet\Desktop\zsazsazsu-backend\node_modules\tedious\lib\connection.js:874:9)
    at Object.onceWrapper (node:events:623:26)
    at Connection.emit (node:events:508:28)
    at Connection.emit (C:\Users\nurcan.ahmet\Desktop\zsazsazsu-backend\node_modules\tedious\lib\connection.js:1013:18)
    at C:\Users\nurcan.ahmet\Desktop\zsazsazsu-backend\node_modules\tedious\lib\connection.js:892:14
    at process.processTicksAndRejections (node:internal/process/task_queues:85:11) {
  code: 'ETIMEOUT',
  originalError: ConnectionError: Failed to connect to 10.10.20.15:1433 in 15000ms
      at Timeout.<anonymous> (C:\Users\nurcan.ahmet\Desktop\zsazsazsu-backend\node_modules\tedious\lib\connection.js:1041:31)
      at listOnTimeout (node:internal/timers:605:17)
      at process.processTimers (node:internal/timers:541:7) {
    code: 'ETIMEOUT'
  }
}
Procedure hata: ConnectionError: Failed to connect to 10.10.20.15:1433 in 15000ms
    at C:\Users\nurcan.ahmet\Desktop\zsazsazsu-backend\node_modules\mssql\lib\tedious\connection-pool.js:85:17
    at Connection.onConnect (C:\Users\nurcan.ahmet\Desktop\zsazsazsu-backend\node_modules\tedious\lib\connection.js:874:9)
    at Object.onceWrapper (node:events:623:26)
    at Connection.emit (node:events:508:28)
    at Connection.emit (C:\Users\nurcan.ahmet\Desktop\zsazsazsu-backend\node_modules\tedious\lib\connection.js:1013:18)
    at C:\Users\nurcan.ahmet\Desktop\zsazsazsu-backend\node_modules\tedious\lib\connection.js:892:14
    at process.processTicksAndRejections (node:internal/process/task_queues:85:11) {
  code: 'ETIMEOUT',
  originalError: ConnectionError: Failed to connect to 10.10.20.15:1433 in 15000ms
      at Timeout.<anonymous> (C:\Users\nurcan.ahmet\Desktop\zsazsazsu-backend\node_modules\tedious\lib\connection.js:1041:31)
      at listOnTimeout (node:internal/timers:605:17)
      at process.processTimers (node:internal/timers:541:7) {
    code: 'ETIMEOUT'
  }
}
Hedef sorgu hatası: ConnectionError: Failed to connect to 10.10.20.15:1433 in 15000ms
    at C:\Users\nurcan.ahmet\Desktop\zsazsazsu-backend\node_modules\mssql\lib\tedious\connection-pool.js:85:17
    at Connection.onConnect (C:\Users\nurcan.ahmet\Desktop\zsazsazsu-backend\node_modules\tedious\lib\connection.js:874:9)
    at Object.onceWrapper (node:events:623:26)
    at Connection.emit (node:events:508:28)
    at Connection.emit (C:\Users\nurcan.ahmet\Desktop\zsazsazsu-backend\node_modules\tedious\lib\connection.js:1013:18)
    at C:\Users\nurcan.ahmet\Desktop\zsazsazsu-backend\node_modules\tedious\lib\connection.js:892:14
    at process.processTicksAndRejections (node:internal/process/task_queues:85:11) {
  code: 'ETIMEOUT',
  originalError: ConnectionError: Failed to connect to 10.10.20.15:1433 in 15000ms
      at Timeout.<anonymous> (C:\Users\nurcan.ahmet\Desktop\zsazsazsu-backend\node_modules\tedious\lib\connection.js:1041:31)
      at listOnTimeout (node:internal/timers:605:17)
      at process.processTimers (node:internal/timers:541:7) {
    code: 'ETIMEOUT'
  }
}
Procedure hata: ConnectionError: Failed to connect to 10.10.20.15:1433 in 15000ms
    at C:\Users\nurcan.ahmet\Desktop\zsazsazsu-backend\node_modules\mssql\lib\tedious\connection-pool.js:85:17
    at Connection.onConnect (C:\Users\nurcan.ahmet\Desktop\zsazsazsu-backend\node_modules\tedious\lib\connection.js:874:9)
    at Object.onceWrapper (node:events:623:26)
    at Connection.emit (node:events:508:28)
    at Connection.emit (C:\Users\nurcan.ahmet\Desktop\zsazsazsu-backend\node_modules\tedious\lib\connection.js:1013:18)
    at C:\Users\nurcan.ahmet\Desktop\zsazsazsu-backend\node_modules\tedious\lib\connection.js:892:14
    at process.processTicksAndRejections (node:internal/process/task_queues:85:11) {
  code: 'ETIMEOUT',
  originalError: ConnectionError: Failed to connect to 10.10.20.15:1433 in 15000ms
      at Timeout.<anonymous> (C:\Users\nurcan.ahmet\Desktop\zsazsazsu-backend\node_modules\tedious\lib\connection.js:1041:31)
      at listOnTimeout (node:internal/timers:605:17)
      at process.processTimers (node:internal/timers:541:7) {
    code: 'ETIMEOUT'
  }
}
Hedef sorgu hatası: ConnectionError: Failed to connect to 10.10.20.15:1433 in 15000ms
    at C:\Users\nurcan.ahmet\Desktop\zsazsazsu-backend\node_modules\mssql\lib\tedious\connection-pool.js:85:17
    at Connection.onConnect (C:\Users\nurcan.ahmet\Desktop\zsazsazsu-backend\node_modules\tedious\lib\connection.js:874:9)
    at Object.onceWrapper (node:events:623:26)
    at Connection.emit (node:events:508:28)
    at Connection.emit (C:\Users\nurcan.ahmet\Desktop\zsazsazsu-backend\node_modules\tedious\lib\connection.js:1013:18)
    at C:\Users\nurcan.ahmet\Desktop\zsazsazsu-backend\node_modules\tedious\lib\connection.js:892:14
    at process.processTicksAndRejections (node:internal/process/task_queues:85:11) {
  code: 'ETIMEOUT',
  originalError: ConnectionError: Failed to connect to 10.10.20.15:1433 in 15000ms
      at Timeout.<anonymous> (C:\Users\nurcan.ahmet\Desktop\zsazsazsu-backend\node_modules\tedious\lib\connection.js:1041:31)
      at listOnTimeout (node:internal/timers:605:17)
      at process.processTimers (node:internal/timers:541:7) {
    code: 'ETIMEOUT'
  }
}
Procedure hata: ConnectionError: Failed to connect to 10.10.20.15:1433 in 15000ms
    at C:\Users\nurcan.ahmet\Desktop\zsazsazsu-backend\node_modules\mssql\lib\tedious\connection-pool.js:85:17
    at Connection.onConnect (C:\Users\nurcan.ahmet\Desktop\zsazsazsu-backend\node_modules\tedious\lib\connection.js:874:9)
    at Object.onceWrapper (node:events:623:26)
    at Connection.emit (node:events:508:28)
    at Connection.emit (C:\Users\nurcan.ahmet\Desktop\zsazsazsu-backend\node_modules\tedious\lib\connection.js:1013:18)
    at C:\Users\nurcan.ahmet\Desktop\zsazsazsu-backend\node_modules\tedious\lib\connection.js:892:14
    at process.processTicksAndRejections (node:internal/process/task_queues:85:11) {
  code: 'ETIMEOUT',
  originalError: ConnectionError: Failed to connect to 10.10.20.15:1433 in 15000ms
      at Timeout.<anonymous> (C:\Users\nurcan.ahmet\Desktop\zsazsazsu-backend\node_modules\tedious\lib\connection.js:1041:31)
      at listOnTimeout (node:internal/timers:605:17)
      at process.processTimers (node:internal/timers:541:7) {
    code: 'ETIMEOUT'
  }
}
Hedef sorgu hatası: ConnectionError: Failed to connect to 10.10.20.15:1433 in 15000ms
    at C:\Users\nurcan.ahmet\Desktop\zsazsazsu-backend\node_modules\mssql\lib\tedious\connection-pool.js:85:17
    at Connection.onConnect (C:\Users\nurcan.ahmet\Desktop\zsazsazsu-backend\node_modules\tedious\lib\connection.js:874:9)
    at Object.onceWrapper (node:events:623:26)
    at Connection.emit (node:events:508:28)
    at Connection.emit (C:\Users\nurcan.ahmet\Desktop\zsazsazsu-backend\node_modules\tedious\lib\connection.js:1013:18)
    at C:\Users\nurcan.ahmet\Desktop\zsazsazsu-backend\node_modules\tedious\lib\connection.js:892:14
    at process.processTicksAndRejections (node:internal/process/task_queues:85:11) {
  code: 'ETIMEOUT',
  originalError: ConnectionError: Failed to connect to 10.10.20.15:1433 in 15000ms
      at Timeout.<anonymous> (C:\Users\nurcan.ahmet\Desktop\zsazsazsu-backend\node_modules\tedious\lib\connection.js:1041:31)
      at listOnTimeout (node:internal/timers:605:17)
      at process.processTimers (node:internal/timers:541:7) {
    code: 'ETIMEOUT'
  }
}
Procedure hata: ConnectionError: Failed to connect to 10.10.20.15:1433 in 15000ms
    at C:\Users\nurcan.ahmet\Desktop\zsazsazsu-backend\node_modules\mssql\lib\tedious\connection-pool.js:85:17
    at Connection.onConnect (C:\Users\nurcan.ahmet\Desktop\zsazsazsu-backend\node_modules\tedious\lib\connection.js:874:9)
    at Object.onceWrapper (node:events:623:26)
    at Connection.emit (node:events:508:28)
    at Connection.emit (C:\Users\nurcan.ahmet\Desktop\zsazsazsu-backend\node_modules\tedious\lib\connection.js:1013:18)
    at C:\Users\nurcan.ahmet\Desktop\zsazsazsu-backend\node_modules\tedious\lib\connection.js:892:14
    at process.processTicksAndRejections (node:internal/process/task_queues:85:11) {
  code: 'ETIMEOUT',
  originalError: ConnectionError: Failed to connect to 10.10.20.15:1433 in 15000ms
      at Timeout.<anonymous> (C:\Users\nurcan.ahmet\Desktop\zsazsazsu-backend\node_modules\tedious\lib\connection.js:1041:31)
      at listOnTimeout (node:internal/timers:605:17)
      at process.processTimers (node:internal/timers:541:7) {
    code: 'ETIMEOUT'
  }
}
Hedef sorgu hatası: ConnectionError: Failed to connect to 10.10.20.15:1433 in 15000ms
    at C:\Users\nurcan.ahmet\Desktop\zsazsazsu-backend\node_modules\mssql\lib\tedious\connection-pool.js:85:17
    at Connection.onConnect (C:\Users\nurcan.ahmet\Desktop\zsazsazsu-backend\node_modules\tedious\lib\connection.js:874:9)
    at Object.onceWrapper (node:events:623:26)
    at Connection.emit (node:events:508:28)
    at Connection.emit (C:\Users\nurcan.ahmet\Desktop\zsazsazsu-backend\node_modules\tedious\lib\connection.js:1013:18)
    at C:\Users\nurcan.ahmet\Desktop\zsazsazsu-backend\node_modules\tedious\lib\connection.js:892:14
    at process.processTicksAndRejections (node:internal/process/task_queues:85:11) {
  code: 'ETIMEOUT',
  originalError: ConnectionError: Failed to connect to 10.10.20.15:1433 in 15000ms
      at Timeout.<anonymous> (C:\Users\nurcan.ahmet\Desktop\zsazsazsu-backend\node_modules\tedious\lib\connection.js:1041:31)
      at listOnTimeout (node:internal/timers:605:17)
      at process.processTimers (node:internal/timers:541:7) {
    code: 'ETIMEOUT'
  }
}
Procedure hata: ConnectionError: Failed to connect to 10.10.20.15:1433 in 15000ms
    at C:\Users\nurcan.ahmet\Desktop\zsazsazsu-backend\node_modules\mssql\lib\tedious\connection-pool.js:85:17
    at Connection.onConnect (C:\Users\nurcan.ahmet\Desktop\zsazsazsu-backend\node_modules\tedious\lib\connection.js:874:9)
    at Object.onceWrapper (node:events:623:26)
    at Connection.emit (node:events:508:28)
    at Connection.emit (C:\Users\nurcan.ahmet\Desktop\zsazsazsu-backend\node_modules\tedious\lib\connection.js:1013:18)
    at C:\Users\nurcan.ahmet\Desktop\zsazsazsu-backend\node_modules\tedious\lib\connection.js:892:14
    at process.processTicksAndRejections (node:internal/process/task_queues:85:11) {
  code: 'ETIMEOUT',
  originalError: ConnectionError: Failed to connect to 10.10.20.15:1433 in 15000ms
      at Timeout.<anonymous> (C:\Users\nurcan.ahmet\Desktop\zsazsazsu-backend\node_modules\tedious\lib\connection.js:1041:31)
      at listOnTimeout (node:internal/timers:605:17)
      at process.processTimers (node:internal/timers:541:7) {
    code: 'ETIMEOUT'
  }
}
Hedef sorgu hatası: ConnectionError: Failed to connect to 10.10.20.15:1433 in 15000ms
    at C:\Users\nurcan.ahmet\Desktop\zsazsazsu-backend\node_modules\mssql\lib\tedious\connection-pool.js:85:17
    at Connection.onConnect (C:\Users\nurcan.ahmet\Desktop\zsazsazsu-backend\node_modules\tedious\lib\connection.js:874:9)
    at Object.onceWrapper (node:events:623:26)
    at Connection.emit (node:events:508:28)
    at Connection.emit (C:\Users\nurcan.ahmet\Desktop\zsazsazsu-backend\node_modules\tedious\lib\connection.js:1013:18)
    at C:\Users\nurcan.ahmet\Desktop\zsazsazsu-backend\node_modules\tedious\lib\connection.js:892:14
    at process.processTicksAndRejections (node:internal/process/task_queues:85:11) {
  code: 'ETIMEOUT',
  originalError: ConnectionError: Failed to connect to 10.10.20.15:1433 in 15000ms
      at Timeout.<anonymous> (C:\Users\nurcan.ahmet\Desktop\zsazsazsu-backend\node_modules\tedious\lib\connection.js:1041:31)
      at listOnTimeout (node:internal/timers:605:17)
      at process.processTimers (node:internal/timers:541:7) {
    code: 'ETIMEOUT'
  }
}
Procedure hata: ConnectionError: Failed to connect to 10.10.20.15:1433 in 15000ms
    at C:\Users\nurcan.ahmet\Desktop\zsazsazsu-backend\node_modules\mssql\lib\tedious\connection-pool.js:85:17
    at Connection.onConnect (C:\Users\nurcan.ahmet\Desktop\zsazsazsu-backend\node_modules\tedious\lib\connection.js:874:9)
    at Object.onceWrapper (node:events:623:26)
    at Connection.emit (node:events:508:28)
    at Connection.emit (C:\Users\nurcan.ahmet\Desktop\zsazsazsu-backend\node_modules\tedious\lib\connection.js:1013:18)
    at C:\Users\nurcan.ahmet\Desktop\zsazsazsu-backend\node_modules\tedious\lib\connection.js:892:14
    at process.processTicksAndRejections (node:internal/process/task_queues:85:11) {
  code: 'ETIMEOUT',
  originalError: ConnectionError: Failed to connect to 10.10.20.15:1433 in 15000ms
      at Timeout.<anonymous> (C:\Users\nurcan.ahmet\Desktop\zsazsazsu-backend\node_modules\tedious\lib\connection.js:1041:31)
      at listOnTimeout (node:internal/timers:605:17)
      at process.processTimers (node:internal/timers:541:7) {
    code: 'ETIMEOUT'
  }
}
Hedef sorgu hatası: ConnectionError: Failed to connect to 10.10.20.15:1433 in 15000ms
    at C:\Users\nurcan.ahmet\Desktop\zsazsazsu-backend\node_modules\mssql\lib\tedious\connection-pool.js:85:17
    at Connection.onConnect (C:\Users\nurcan.ahmet\Desktop\zsazsazsu-backend\node_modules\tedious\lib\connection.js:874:9)
    at Object.onceWrapper (node:events:623:26)
    at Connection.emit (node:events:508:28)
    at Connection.emit (C:\Users\nurcan.ahmet\Desktop\zsazsazsu-backend\node_modules\tedious\lib\connection.js:1013:18)
    at C:\Users\nurcan.ahmet\Desktop\zsazsazsu-backend\node_modules\tedious\lib\connection.js:892:14
    at process.processTicksAndRejections (node:internal/process/task_queues:85:11) {
  code: 'ETIMEOUT',
  originalError: ConnectionError: Failed to connect to 10.10.20.15:1433 in 15000ms
      at Timeout.<anonymous> (C:\Users\nurcan.ahmet\Desktop\zsazsazsu-backend\node_modules\tedious\lib\connection.js:1041:31)
      at listOnTimeout (node:internal/timers:605:17)
      at process.processTimers (node:internal/timers:541:7) {
    code: 'ETIMEOUT'
  }
}
Procedure hata: ConnectionError: Failed to connect to 10.10.20.15:1433 in 15000ms
    at C:\Users\nurcan.ahmet\Desktop\zsazsazsu-backend\node_modules\mssql\lib\tedious\connection-pool.js:85:17
    at Connection.onConnect (C:\Users\nurcan.ahmet\Desktop\zsazsazsu-backend\node_modules\tedious\lib\connection.js:874:9)
    at Object.onceWrapper (node:events:623:26)
    at Connection.emit (node:events:508:28)
    at Connection.emit (C:\Users\nurcan.ahmet\Desktop\zsazsazsu-backend\node_modules\tedious\lib\connection.js:1013:18)
    at C:\Users\nurcan.ahmet\Desktop\zsazsazsu-backend\node_modules\tedious\lib\connection.js:892:14
    at process.processTicksAndRejections (node:internal/process/task_queues:85:11) {
  code: 'ETIMEOUT',
  originalError: ConnectionError: Failed to connect to 10.10.20.15:1433 in 15000ms
      at Timeout.<anonymous> (C:\Users\nurcan.ahmet\Desktop\zsazsazsu-backend\node_modules\tedious\lib\connection.js:1041:31)
      at listOnTimeout (node:internal/timers:605:17)
      at process.processTimers (node:internal/timers:541:7) {
    code: 'ETIMEOUT'
  }
}
Hedef sorgu hatası: ConnectionError: Failed to connect to 10.10.20.15:1433 in 15000ms
    at C:\Users\nurcan.ahmet\Desktop\zsazsazsu-backend\node_modules\mssql\lib\tedious\connection-pool.js:85:17
    at Connection.onConnect (C:\Users\nurcan.ahmet\Desktop\zsazsazsu-backend\node_modules\tedious\lib\connection.js:874:9)
    at Object.onceWrapper (node:events:623:26)
    at Connection.emit (node:events:508:28)
    at Connection.emit (C:\Users\nurcan.ahmet\Desktop\zsazsazsu-backend\node_modules\tedious\lib\connection.js:1013:18)
    at C:\Users\nurcan.ahmet\Desktop\zsazsazsu-backend\node_modules\tedious\lib\connection.js:892:14
    at process.processTicksAndRejections (node:internal/process/task_queues:85:11) {
  code: 'ETIMEOUT',
  originalError: ConnectionError: Failed to connect to 10.10.20.15:1433 in 15000ms
      at Timeout.<anonymous> (C:\Users\nurcan.ahmet\Desktop\zsazsazsu-backend\node_modules\tedious\lib\connection.js:1041:31)
      at listOnTimeout (node:internal/timers:605:17)
      at process.processTimers (node:internal/timers:541:7) {
    code: 'ETIMEOUT'
  }
}
Procedure hata: ConnectionError: Failed to connect to 10.10.20.15:1433 in 15000ms
    at C:\Users\nurcan.ahmet\Desktop\zsazsazsu-backend\node_modules\mssql\lib\tedious\connection-pool.js:85:17
    at Connection.onConnect (C:\Users\nurcan.ahmet\Desktop\zsazsazsu-backend\node_modules\tedious\lib\connection.js:874:9)
    at Object.onceWrapper (node:events:623:26)
    at Connection.emit (node:events:508:28)
    at Connection.emit (C:\Users\nurcan.ahmet\Desktop\zsazsazsu-backend\node_modules\tedious\lib\connection.js:1013:18)
    at C:\Users\nurcan.ahmet\Desktop\zsazsazsu-backend\node_modules\tedious\lib\connection.js:892:14
    at process.processTicksAndRejections (node:internal/process/task_queues:85:11) {
  code: 'ETIMEOUT',
  originalError: ConnectionError: Failed to connect to 10.10.20.15:1433 in 15000ms
      at Timeout.<anonymous> (C:\Users\nurcan.ahmet\Desktop\zsazsazsu-backend\node_modules\tedious\lib\connection.js:1041:31)
      at listOnTimeout (node:internal/timers:605:17)
      at process.processTimers (node:internal/timers:541:7) {
    code: 'ETIMEOUT'
  }
}
Hedef sorgu hatası: ConnectionError: Failed to connect to 10.10.20.15:1433 in 15000ms
    at C:\Users\nurcan.ahmet\Desktop\zsazsazsu-backend\node_modules\mssql\lib\tedious\connection-pool.js:85:17
    at Connection.onConnect (C:\Users\nurcan.ahmet\Desktop\zsazsazsu-backend\node_modules\tedious\lib\connection.js:874:9)
    at Object.onceWrapper (node:events:623:26)
    at Connection.emit (node:events:508:28)
    at Connection.emit (C:\Users\nurcan.ahmet\Desktop\zsazsazsu-backend\node_modules\tedious\lib\connection.js:1013:18)
    at C:\Users\nurcan.ahmet\Desktop\zsazsazsu-backend\node_modules\tedious\lib\connection.js:892:14
    at process.processTicksAndRejections (node:internal/process/task_queues:85:11) {
  code: 'ETIMEOUT',
  originalError: ConnectionError: Failed to connect to 10.10.20.15:1433 in 15000ms
      at Timeout.<anonymous> (C:\Users\nurcan.ahmet\Desktop\zsazsazsu-backend\node_modules\tedious\lib\connection.js:1041:31)
      at listOnTimeout (node:internal/timers:605:17)
      at process.processTimers (node:internal/timers:541:7) {
    code: 'ETIMEOUT'
  }
}
Procedure hata: ConnectionError: Failed to connect to 10.10.20.15:1433 in 15000ms
    at C:\Users\nurcan.ahmet\Desktop\zsazsazsu-backend\node_modules\mssql\lib\tedious\connection-pool.js:85:17
    at Connection.onConnect (C:\Users\nurcan.ahmet\Desktop\zsazsazsu-backend\node_modules\tedious\lib\connection.js:874:9)
    at Object.onceWrapper (node:events:623:26)
    at Connection.emit (node:events:508:28)
    at Connection.emit (C:\Users\nurcan.ahmet\Desktop\zsazsazsu-backend\node_modules\tedious\lib\connection.js:1013:18)
    at C:\Users\nurcan.ahmet\Desktop\zsazsazsu-backend\node_modules\tedious\lib\connection.js:892:14
    at process.processTicksAndRejections (node:internal/process/task_queues:85:11) {
  code: 'ETIMEOUT',
  originalError: ConnectionError: Failed to connect to 10.10.20.15:1433 in 15000ms
      at Timeout.<anonymous> (C:\Users\nurcan.ahmet\Desktop\zsazsazsu-backend\node_modules\tedious\lib\connection.js:1041:31)
      at listOnTimeout (node:internal/timers:605:17)
      at process.processTimers (node:internal/timers:541:7) {
    code: 'ETIMEOUT'
  }
}
Hedef sorgu hatası: ConnectionError: Failed to connect to 10.10.20.15:1433 in 15000ms
    at C:\Users\nurcan.ahmet\Desktop\zsazsazsu-backend\node_modules\mssql\lib\tedious\connection-pool.js:85:17
    at Connection.onConnect (C:\Users\nurcan.ahmet\Desktop\zsazsazsu-backend\node_modules\tedious\lib\connection.js:874:9)
    at Object.onceWrapper (node:events:623:26)
    at Connection.emit (node:events:508:28)
    at Connection.emit (C:\Users\nurcan.ahmet\Desktop\zsazsazsu-backend\node_modules\tedious\lib\connection.js:1013:18)
    at C:\Users\nurcan.ahmet\Desktop\zsazsazsu-backend\node_modules\tedious\lib\connection.js:892:14
    at process.processTicksAndRejections (node:internal/process/task_queues:85:11) {
  code: 'ETIMEOUT',
  originalError: ConnectionError: Failed to connect to 10.10.20.15:1433 in 15000ms
      at Timeout.<anonymous> (C:\Users\nurcan.ahmet\Desktop\zsazsazsu-backend\node_modules\tedious\lib\connection.js:1041:31)
      at listOnTimeout (node:internal/timers:605:17)
      at process.processTimers (node:internal/timers:541:7) {
    code: 'ETIMEOUT'
  }
}
Procedure hata: ConnectionError: Failed to connect to 10.10.20.15:1433 in 15000ms
    at C:\Users\nurcan.ahmet\Desktop\zsazsazsu-backend\node_modules\mssql\lib\tedious\connection-pool.js:85:17
    at Connection.onConnect (C:\Users\nurcan.ahmet\Desktop\zsazsazsu-backend\node_modules\tedious\lib\connection.js:874:9)
    at Object.onceWrapper (node:events:623:26)
    at Connection.emit (node:events:508:28)
    at Connection.emit (C:\Users\nurcan.ahmet\Desktop\zsazsazsu-backend\node_modules\tedious\lib\connection.js:1013:18)
    at C:\Users\nurcan.ahmet\Desktop\zsazsazsu-backend\node_modules\tedious\lib\connection.js:892:14
    at process.processTicksAndRejections (node:internal/process/task_queues:85:11) {
  code: 'ETIMEOUT',
  originalError: ConnectionError: Failed to connect to 10.10.20.15:1433 in 15000ms
      at Timeout.<anonymous> (C:\Users\nurcan.ahmet\Desktop\zsazsazsu-backend\node_modules\tedious\lib\connection.js:1041:31)
      at listOnTimeout (node:internal/timers:605:17)
      at process.processTimers (node:internal/timers:541:7) {
    code: 'ETIMEOUT'
  }
}
Hedef sorgu hatası: ConnectionError: Failed to connect to 10.10.20.15:1433 in 15000ms
    at C:\Users\nurcan.ahmet\Desktop\zsazsazsu-backend\node_modules\mssql\lib\tedious\connection-pool.js:85:17
    at Connection.onConnect (C:\Users\nurcan.ahmet\Desktop\zsazsazsu-backend\node_modules\tedious\lib\connection.js:874:9)
    at Object.onceWrapper (node:events:623:26)
    at Connection.emit (node:events:508:28)
    at Connection.emit (C:\Users\nurcan.ahmet\Desktop\zsazsazsu-backend\node_modules\tedious\lib\connection.js:1013:18)
    at C:\Users\nurcan.ahmet\Desktop\zsazsazsu-backend\node_modules\tedious\lib\connection.js:892:14
    at process.processTicksAndRejections (node:internal/process/task_queues:85:11) {
  code: 'ETIMEOUT',
  originalError: ConnectionError: Failed to connect to 10.10.20.15:1433 in 15000ms
      at Timeout.<anonymous> (C:\Users\nurcan.ahmet\Desktop\zsazsazsu-backend\node_modules\tedious\lib\connection.js:1041:31)
      at listOnTimeout (node:internal/timers:605:17)
      at process.processTimers (node:internal/timers:541:7) {
    code: 'ETIMEOUT'
  }
}
Procedure hata: ConnectionError: Failed to connect to 10.10.20.15:1433 in 15000ms
    at C:\Users\nurcan.ahmet\Desktop\zsazsazsu-backend\node_modules\mssql\lib\tedious\connection-pool.js:85:17
    at Connection.onConnect (C:\Users\nurcan.ahmet\Desktop\zsazsazsu-backend\node_modules\tedious\lib\connection.js:874:9)
    at Object.onceWrapper (node:events:623:26)
    at Connection.emit (node:events:508:28)
    at Connection.emit (C:\Users\nurcan.ahmet\Desktop\zsazsazsu-backend\node_modules\tedious\lib\connection.js:1013:18)
    at C:\Users\nurcan.ahmet\Desktop\zsazsazsu-backend\node_modules\tedious\lib\connection.js:892:14
    at process.processTicksAndRejections (node:internal/process/task_queues:85:11) {
  code: 'ETIMEOUT',
  originalError: ConnectionError: Failed to connect to 10.10.20.15:1433 in 15000ms
      at Timeout.<anonymous> (C:\Users\nurcan.ahmet\Desktop\zsazsazsu-backend\node_modules\tedious\lib\connection.js:1041:31)
      at listOnTimeout (node:internal/timers:605:17)
      at process.processTimers (node:internal/timers:541:7) {
    code: 'ETIMEOUT'
  }
}
Hedef sorgu hatası: ConnectionError: Failed to connect to 10.10.20.15:1433 in 15000ms
    at C:\Users\nurcan.ahmet\Desktop\zsazsazsu-backend\node_modules\mssql\lib\tedious\connection-pool.js:85:17
    at Connection.onConnect (C:\Users\nurcan.ahmet\Desktop\zsazsazsu-backend\node_modules\tedious\lib\connection.js:874:9)
    at Object.onceWrapper (node:events:623:26)
    at Connection.emit (node:events:508:28)
    at Connection.emit (C:\Users\nurcan.ahmet\Desktop\zsazsazsu-backend\node_modules\tedious\lib\connection.js:1013:18)
    at C:\Users\nurcan.ahmet\Desktop\zsazsazsu-backend\node_modules\tedious\lib\connection.js:892:14
    at process.processTicksAndRejections (node:internal/process/task_queues:85:11) {
  code: 'ETIMEOUT',
  originalError: ConnectionError: Failed to connect to 10.10.20.15:1433 in 15000ms
      at Timeout.<anonymous> (C:\Users\nurcan.ahmet\Desktop\zsazsazsu-backend\node_modules\tedious\lib\connection.js:1041:31)
      at listOnTimeout (node:internal/timers:605:17)
      at process.processTimers (node:internal/timers:541:7) {
    code: 'ETIMEOUT'
  }
}
Procedure hata: ConnectionError: Failed to connect to 10.10.20.15:1433 in 15000ms
    at C:\Users\nurcan.ahmet\Desktop\zsazsazsu-backend\node_modules\mssql\lib\tedious\connection-pool.js:85:17
    at Connection.onConnect (C:\Users\nurcan.ahmet\Desktop\zsazsazsu-backend\node_modules\tedious\lib\connection.js:874:9)
    at Object.onceWrapper (node:events:623:26)
    at Connection.emit (node:events:508:28)
    at Connection.emit (C:\Users\nurcan.ahmet\Desktop\zsazsazsu-backend\node_modules\tedious\lib\connection.js:1013:18)
    at C:\Users\nurcan.ahmet\Desktop\zsazsazsu-backend\node_modules\tedious\lib\connection.js:892:14
    at process.processTicksAndRejections (node:internal/process/task_queues:85:11) {
  code: 'ETIMEOUT',
  originalError: ConnectionError: Failed to connect to 10.10.20.15:1433 in 15000ms
      at Timeout.<anonymous> (C:\Users\nurcan.ahmet\Desktop\zsazsazsu-backend\node_modules\tedious\lib\connection.js:1041:31)
      at listOnTimeout (node:internal/timers:605:17)
      at process.processTimers (node:internal/timers:541:7) {
    code: 'ETIMEOUT'
  }
}
Hedef sorgu hatası: ConnectionError: Failed to connect to 10.10.20.15:1433 in 15000ms
    at C:\Users\nurcan.ahmet\Desktop\zsazsazsu-backend\node_modules\mssql\lib\tedious\connection-pool.js:85:17
    at Connection.onConnect (C:\Users\nurcan.ahmet\Desktop\zsazsazsu-backend\node_modules\tedious\lib\connection.js:874:9)
    at Object.onceWrapper (node:events:623:26)
    at Connection.emit (node:events:508:28)
    at Connection.emit (C:\Users\nurcan.ahmet\Desktop\zsazsazsu-backend\node_modules\tedious\lib\connection.js:1013:18)
    at C:\Users\nurcan.ahmet\Desktop\zsazsazsu-backend\node_modules\tedious\lib\connection.js:892:14
    at process.processTicksAndRejections (node:internal/process/task_queues:85:11) {
  code: 'ETIMEOUT',
  originalError: ConnectionError: Failed to connect to 10.10.20.15:1433 in 15000ms
      at Timeout.<anonymous> (C:\Users\nurcan.ahmet\Desktop\zsazsazsu-backend\node_modules\tedious\lib\connection.js:1041:31)
      at listOnTimeout (node:internal/timers:605:17)
      at process.processTimers (node:internal/timers:541:7) {
    code: 'ETIMEOUT'
  }
}
Procedure hata: ConnectionError: Failed to connect to 10.10.20.15:1433 in 15000ms
    at C:\Users\nurcan.ahmet\Desktop\zsazsazsu-backend\node_modules\mssql\lib\tedious\connection-pool.js:85:17
    at Connection.onConnect (C:\Users\nurcan.ahmet\Desktop\zsazsazsu-backend\node_modules\tedious\lib\connection.js:874:9)
    at Object.onceWrapper (node:events:623:26)
    at Connection.emit (node:events:508:28)
    at Connection.emit (C:\Users\nurcan.ahmet\Desktop\zsazsazsu-backend\node_modules\tedious\lib\connection.js:1013:18)
    at C:\Users\nurcan.ahmet\Desktop\zsazsazsu-backend\node_modules\tedious\lib\connection.js:892:14
    at process.processTicksAndRejections (node:internal/process/task_queues:85:11) {
  code: 'ETIMEOUT',
  originalError: ConnectionError: Failed to connect to 10.10.20.15:1433 in 15000ms
      at Timeout.<anonymous> (C:\Users\nurcan.ahmet\Desktop\zsazsazsu-backend\node_modules\tedious\lib\connection.js:1041:31)
      at listOnTimeout (node:internal/timers:605:17)
      at process.processTimers (node:internal/timers:541:7) {
    code: 'ETIMEOUT'
  }
}
Hedef sorgu hatası: ConnectionError: Failed to connect to 10.10.20.15:1433 in 15000ms
    at C:\Users\nurcan.ahmet\Desktop\zsazsazsu-backend\node_modules\mssql\lib\tedious\connection-pool.js:85:17
    at Connection.onConnect (C:\Users\nurcan.ahmet\Desktop\zsazsazsu-backend\node_modules\tedious\lib\connection.js:874:9)
    at Object.onceWrapper (node:events:623:26)
    at Connection.emit (node:events:508:28)
    at Connection.emit (C:\Users\nurcan.ahmet\Desktop\zsazsazsu-backend\node_modules\tedious\lib\connection.js:1013:18)
    at C:\Users\nurcan.ahmet\Desktop\zsazsazsu-backend\node_modules\tedious\lib\connection.js:892:14
    at process.processTicksAndRejections (node:internal/process/task_queues:85:11) {
  code: 'ETIMEOUT',
  originalError: ConnectionError: Failed to connect to 10.10.20.15:1433 in 15000ms
      at Timeout.<anonymous> (C:\Users\nurcan.ahmet\Desktop\zsazsazsu-backend\node_modules\tedious\lib\connection.js:1041:31)
      at listOnTimeout (node:internal/timers:605:17)
      at process.processTimers (node:internal/timers:541:7) {
    code: 'ETIMEOUT'
  }
}
Procedure hata: ConnectionError: Failed to connect to 10.10.20.15:1433 in 15000ms
    at C:\Users\nurcan.ahmet\Desktop\zsazsazsu-backend\node_modules\mssql\lib\tedious\connection-pool.js:85:17
    at Connection.onConnect (C:\Users\nurcan.ahmet\Desktop\zsazsazsu-backend\node_modules\tedious\lib\connection.js:874:9)
    at Object.onceWrapper (node:events:623:26)
    at Connection.emit (node:events:508:28)
    at Connection.emit (C:\Users\nurcan.ahmet\Desktop\zsazsazsu-backend\node_modules\tedious\lib\connection.js:1013:18)
    at C:\Users\nurcan.ahmet\Desktop\zsazsazsu-backend\node_modules\tedious\lib\connection.js:892:14
    at process.processTicksAndRejections (node:internal/process/task_queues:85:11) {
  code: 'ETIMEOUT',
  originalError: ConnectionError: Failed to connect to 10.10.20.15:1433 in 15000ms
      at Timeout.<anonymous> (C:\Users\nurcan.ahmet\Desktop\zsazsazsu-backend\node_modules\tedious\lib\connection.js:1041:31)
      at listOnTimeout (node:internal/timers:605:17)
      at process.processTimers (node:internal/timers:541:7) {
    code: 'ETIMEOUT'
  }
}
Procedure hata: ConnectionError: Failed to connect to 10.10.20.15:1433 in 15000ms
    at C:\Users\nurcan.ahmet\Desktop\zsazsazsu-backend\node_modules\mssql\lib\tedious\connection-pool.js:85:17
    at Connection.onConnect (C:\Users\nurcan.ahmet\Desktop\zsazsazsu-backend\node_modules\tedious\lib\connection.js:874:9)
    at Object.onceWrapper (node:events:623:26)
    at Connection.emit (node:events:508:28)
    at Connection.emit (C:\Users\nurcan.ahmet\Desktop\zsazsazsu-backend\node_modules\tedious\lib\connection.js:1013:18)
    at C:\Users\nurcan.ahmet\Desktop\zsazsazsu-backend\node_modules\tedious\lib\connection.js:892:14
    at process.processTicksAndRejections (node:internal/process/task_queues:85:11) {
  code: 'ETIMEOUT',
  originalError: ConnectionError: Failed to connect to 10.10.20.15:1433 in 15000ms
      at Timeout.<anonymous> (C:\Users\nurcan.ahmet\Desktop\zsazsazsu-backend\node_modules\tedious\lib\connection.js:1041:31)
      at listOnTimeout (node:internal/timers:605:17)
      at process.processTimers (node:internal/timers:541:7) {
    code: 'ETIMEOUT'
  }
}
Hedef sorgu hatası: ConnectionError: Failed to connect to 10.10.20.15:1433 in 15000ms
    at C:\Users\nurcan.ahmet\Desktop\zsazsazsu-backend\node_modules\mssql\lib\tedious\connection-pool.js:85:17
    at Connection.onConnect (C:\Users\nurcan.ahmet\Desktop\zsazsazsu-backend\node_modules\tedious\lib\connection.js:874:9)
    at Object.onceWrapper (node:events:623:26)
    at Connection.emit (node:events:508:28)
    at Connection.emit (C:\Users\nurcan.ahmet\Desktop\zsazsazsu-backend\node_modules\tedious\lib\connection.js:1013:18)
    at C:\Users\nurcan.ahmet\Desktop\zsazsazsu-backend\node_modules\tedious\lib\connection.js:892:14
    at process.processTicksAndRejections (node:internal/process/task_queues:85:11) {
  code: 'ETIMEOUT',
  originalError: ConnectionError: Failed to connect to 10.10.20.15:1433 in 15000ms
      at Timeout.<anonymous> (C:\Users\nurcan.ahmet\Desktop\zsazsazsu-backend\node_modules\tedious\lib\connection.js:1041:31)
      at listOnTimeout (node:internal/timers:605:17)
      at process.processTimers (node:internal/timers:541:7) {
    code: 'ETIMEOUT'
  }
}
Procedure hata: ConnectionError: Failed to connect to 10.10.20.15:1433 in 15000ms
    at C:\Users\nurcan.ahmet\Desktop\zsazsazsu-backend\node_modules\mssql\lib\tedious\connection-pool.js:85:17
    at Connection.onConnect (C:\Users\nurcan.ahmet\Desktop\zsazsazsu-backend\node_modules\tedious\lib\connection.js:874:9)
    at Object.onceWrapper (node:events:623:26)
    at Connection.emit (node:events:508:28)
    at Connection.emit (C:\Users\nurcan.ahmet\Desktop\zsazsazsu-backend\node_modules\tedious\lib\connection.js:1013:18)
    at C:\Users\nurcan.ahmet\Desktop\zsazsazsu-backend\node_modules\tedious\lib\connection.js:892:14
    at process.processTicksAndRejections (node:internal/process/task_queues:85:11) {
  code: 'ETIMEOUT',
  originalError: ConnectionError: Failed to connect to 10.10.20.15:1433 in 15000ms
      at Timeout.<anonymous> (C:\Users\nurcan.ahmet\Desktop\zsazsazsu-backend\node_modules\tedious\lib\connection.js:1041:31)
      at listOnTimeout (node:internal/timers:605:17)
      at process.processTimers (node:internal/timers:541:7) {
    code: 'ETIMEOUT'
  }
}
Hedef sorgu hatası: ConnectionError: Failed to connect to 10.10.20.15:1433 in 15000ms
    at C:\Users\nurcan.ahmet\Desktop\zsazsazsu-backend\node_modules\mssql\lib\tedious\connection-pool.js:85:17
    at Connection.onConnect (C:\Users\nurcan.ahmet\Desktop\zsazsazsu-backend\node_modules\tedious\lib\connection.js:874:9)
    at Object.onceWrapper (node:events:623:26)
    at Connection.emit (node:events:508:28)
    at Connection.emit (C:\Users\nurcan.ahmet\Desktop\zsazsazsu-backend\node_modules\tedious\lib\connection.js:1013:18)
    at C:\Users\nurcan.ahmet\Desktop\zsazsazsu-backend\node_modules\tedious\lib\connection.js:892:14
    at process.processTicksAndRejections (node:internal/process/task_queues:85:11) {
  code: 'ETIMEOUT',
  originalError: ConnectionError: Failed to connect to 10.10.20.15:1433 in 15000ms
      at Timeout.<anonymous> (C:\Users\nurcan.ahmet\Desktop\zsazsazsu-backend\node_modules\tedious\lib\connection.js:1041:31)
      at listOnTimeout (node:internal/timers:605:17)
      at process.processTimers (node:internal/timers:541:7) {
    code: 'ETIMEOUT'
  }
}
Procedure hata: ConnectionError: Failed to connect to 10.10.20.15:1433 in 15000ms
    at C:\Users\nurcan.ahmet\Desktop\zsazsazsu-backend\node_modules\mssql\lib\tedious\connection-pool.js:85:17
    at Connection.onConnect (C:\Users\nurcan.ahmet\Desktop\zsazsazsu-backend\node_modules\tedious\lib\connection.js:874:9)
    at Object.onceWrapper (node:events:623:26)
    at Connection.emit (node:events:508:28)
    at Connection.emit (C:\Users\nurcan.ahmet\Desktop\zsazsazsu-backend\node_modules\tedious\lib\connection.js:1013:18)
    at C:\Users\nurcan.ahmet\Desktop\zsazsazsu-backend\node_modules\tedious\lib\connection.js:892:14
    at processTicksAndRejections (node:internal/process/task_queues:85:11)
    at runNextTicks (node:internal/process/task_queues:69:3)
    at listOnTimeout (node:internal/timers:567:9)
    at process.processTimers (node:internal/timers:541:7) {
  code: 'ETIMEOUT',
  originalError: ConnectionError: Failed to connect to 10.10.20.15:1433 in 15000ms
      at Timeout.<anonymous> (C:\Users\nurcan.ahmet\Desktop\zsazsazsu-backend\node_modules\tedious\lib\connection.js:1041:31)
      at listOnTimeout (node:internal/timers:605:17)
      at process.processTimers (node:internal/timers:541:7) {
    code: 'ETIMEOUT'
  }
}
Hedef sorgu hatası: ConnectionError: Failed to connect to 10.10.20.15:1433 in 15000ms
    at C:\Users\nurcan.ahmet\Desktop\zsazsazsu-backend\node_modules\mssql\lib\tedious\connection-pool.js:85:17
    at Connection.onConnect (C:\Users\nurcan.ahmet\Desktop\zsazsazsu-backend\node_modules\tedious\lib\connection.js:874:9)
    at Object.onceWrapper (node:events:623:26)
    at Connection.emit (node:events:508:28)
    at Connection.emit (C:\Users\nurcan.ahmet\Desktop\zsazsazsu-backend\node_modules\tedious\lib\connection.js:1013:18)
    at C:\Users\nurcan.ahmet\Desktop\zsazsazsu-backend\node_modules\tedious\lib\connection.js:892:14
    at process.processTicksAndRejections (node:internal/process/task_queues:85:11) {
  code: 'ETIMEOUT',
  originalError: ConnectionError: Failed to connect to 10.10.20.15:1433 in 15000ms
      at Timeout.<anonymous> (C:\Users\nurcan.ahmet\Desktop\zsazsazsu-backend\node_modules\tedious\lib\connection.js:1041:31)
      at listOnTimeout (node:internal/timers:605:17)
      at process.processTimers (node:internal/timers:541:7) {
    code: 'ETIMEOUT'
  }
}
Procedure hata: ConnectionError: Failed to connect to 10.10.20.15:1433 in 15000ms
    at C:\Users\nurcan.ahmet\Desktop\zsazsazsu-backend\node_modules\mssql\lib\tedious\connection-pool.js:85:17
    at Connection.onConnect (C:\Users\nurcan.ahmet\Desktop\zsazsazsu-backend\node_modules\tedious\lib\connection.js:874:9)
    at Object.onceWrapper (node:events:623:26)
    at Connection.emit (node:events:508:28)
    at Connection.emit (C:\Users\nurcan.ahmet\Desktop\zsazsazsu-backend\node_modules\tedious\lib\connection.js:1013:18)
    at C:\Users\nurcan.ahmet\Desktop\zsazsazsu-backend\node_modules\tedious\lib\connection.js:892:14
    at process.processTicksAndRejections (node:internal/process/task_queues:85:11) {
  code: 'ETIMEOUT',
  originalError: ConnectionError: Failed to connect to 10.10.20.15:1433 in 15000ms
      at Timeout.<anonymous> (C:\Users\nurcan.ahmet\Desktop\zsazsazsu-backend\node_modules\tedious\lib\connection.js:1041:31)
      at listOnTimeout (node:internal/timers:605:17)
      at process.processTimers (node:internal/timers:541:7) {
    code: 'ETIMEOUT'
  }
}
Hedef sorgu hatası: ConnectionError: Failed to connect to 10.10.20.15:1433 in 15000ms
    at C:\Users\nurcan.ahmet\Desktop\zsazsazsu-backend\node_modules\mssql\lib\tedious\connection-pool.js:85:17
    at Connection.onConnect (C:\Users\nurcan.ahmet\Desktop\zsazsazsu-backend\node_modules\tedious\lib\connection.js:874:9)
    at Object.onceWrapper (node:events:623:26)
    at Connection.emit (node:events:508:28)
    at Connection.emit (C:\Users\nurcan.ahmet\Desktop\zsazsazsu-backend\node_modules\tedious\lib\connection.js:1013:18)
    at C:\Users\nurcan.ahmet\Desktop\zsazsazsu-backend\node_modules\tedious\lib\connection.js:892:14
    at process.processTicksAndRejections (node:internal/process/task_queues:85:11) {
  code: 'ETIMEOUT',
  originalError: ConnectionError: Failed to connect to 10.10.20.15:1433 in 15000ms
      at Timeout.<anonymous> (C:\Users\nurcan.ahmet\Desktop\zsazsazsu-backend\node_modules\tedious\lib\connection.js:1041:31)
      at listOnTimeout (node:internal/timers:605:17)
      at process.processTimers (node:internal/timers:541:7) {
    code: 'ETIMEOUT'
  }
}
Procedure hata: ConnectionError: Failed to connect to 10.10.20.15:1433 in 15000ms
    at C:\Users\nurcan.ahmet\Desktop\zsazsazsu-backend\node_modules\mssql\lib\tedious\connection-pool.js:85:17
    at Connection.onConnect (C:\Users\nurcan.ahmet\Desktop\zsazsazsu-backend\node_modules\tedious\lib\connection.js:874:9)
    at Object.onceWrapper (node:events:623:26)
    at Connection.emit (node:events:508:28)
    at Connection.emit (C:\Users\nurcan.ahmet\Desktop\zsazsazsu-backend\node_modules\tedious\lib\connection.js:1013:18)
    at C:\Users\nurcan.ahmet\Desktop\zsazsazsu-backend\node_modules\tedious\lib\connection.js:892:14
    at processTicksAndRejections (node:internal/process/task_queues:85:11)
    at runNextTicks (node:internal/process/task_queues:69:3)
    at listOnTimeout (node:internal/timers:567:9)
    at process.processTimers (node:internal/timers:541:7) {
  code: 'ETIMEOUT',
  originalError: ConnectionError: Failed to connect to 10.10.20.15:1433 in 15000ms
      at Timeout.<anonymous> (C:\Users\nurcan.ahmet\Desktop\zsazsazsu-backend\node_modules\tedious\lib\connection.js:1041:31)
      at listOnTimeout (node:internal/timers:605:17)
      at process.processTimers (node:internal/timers:541:7) {
    code: 'ETIMEOUT'
  }
}
Hedef sorgu hatası: ConnectionError: Failed to connect to 10.10.20.15:1433 in 15000ms
    at C:\Users\nurcan.ahmet\Desktop\zsazsazsu-backend\node_modules\mssql\lib\tedious\connection-pool.js:85:17
    at Connection.onConnect (C:\Users\nurcan.ahmet\Desktop\zsazsazsu-backend\node_modules\tedious\lib\connection.js:874:9)
    at Object.onceWrapper (node:events:623:26)
    at Connection.emit (node:events:508:28)
    at Connection.emit (C:\Users\nurcan.ahmet\Desktop\zsazsazsu-backend\node_modules\tedious\lib\connection.js:1013:18)
    at C:\Users\nurcan.ahmet\Desktop\zsazsazsu-backend\node_modules\tedious\lib\connection.js:892:14
    at process.processTicksAndRejections (node:internal/process/task_queues:85:11) {
  code: 'ETIMEOUT',
  originalError: ConnectionError: Failed to connect to 10.10.20.15:1433 in 15000ms
      at Timeout.<anonymous> (C:\Users\nurcan.ahmet\Desktop\zsazsazsu-backend\node_modules\tedious\lib\connection.js:1041:31)
      at listOnTimeout (node:internal/timers:605:17)
      at process.processTimers (node:internal/timers:541:7) {
    code: 'ETIMEOUT'
  }
}
Procedure hata: RequestError: Timeout: Request failed to complete in 60000ms
    at Request.userCallback (C:\Users\nurcan.ahmet\Desktop\zsazsazsu-backend\node_modules\mssql\lib\tedious\request.js:811:19)
    at Request.callback (C:\Users\nurcan.ahmet\Desktop\zsazsazsu-backend\node_modules\tedious\lib\request.js:239:14)
    at C:\Users\nurcan.ahmet\Desktop\zsazsazsu-backend\node_modules\tedious\lib\connection.js:2706:24
    at process.processTicksAndRejections (node:internal/process/task_queues:104:5) {
  code: 'ETIMEOUT',
  originalError: RequestError: Timeout: Request failed to complete in 60000ms
      at Connection.requestTimeout (C:\Users\nurcan.ahmet\Desktop\zsazsazsu-backend\node_modules\tedious\lib\connection.js:1316:21)
      at Timeout._onTimeout (C:\Users\nurcan.ahmet\Desktop\zsazsazsu-backend\node_modules\tedious\lib\connection.js:1293:14)
      at listOnTimeout (node:internal/timers:605:17)
      at process.processTimers (node:internal/timers:541:7) {
    code: 'ETIMEOUT'
  },
  number: 'ETIMEOUT',
  lineNumber: undefined,
  state: undefined,
  class: undefined,
  serverName: undefined,
  procName: undefined,
  precedingErrors: []
}
