◇ injecting env (6) from .env // tip: ⌘ custom filepath { path: '/custom/path/.env' }
Backend çalışıyor: http://localhost:3001
Veritabanına bağlanılıyor...
MSSQL bağlantısı başarılı!
◇ injecting env (6) from .env // tip: ⌘ override existing { override: true }
Backend çalışıyor: http://localhost:3001
Veritabanına bağlanılıyor...
MSSQL bağlantısı başarılı!
◇ injecting env (6) from .env // tip: ◈ secrets for agents [www.dotenvx.com]
Backend çalışıyor: http://localhost:3001
Veritabanına bağlanılıyor...
MSSQL bağlantısı başarılı!
◇ injecting env (6) from .env // tip: ⌁ auth for agents [www.vestauth.com]
Backend çalışıyor: http://localhost:3001
Veritabanına bağlanılıyor...
MSSQL bağlantısı başarılı!
◇ injecting env (6) from .env // tip: ⌘ override existing { override: true }
Backend çalışıyor: http://localhost:3001
Veritabanına bağlanılıyor...
MSSQL bağlantısı başarılı!
◇ injecting env (6) from .env // tip: ⌘ enable debugging { debug: true }
Backend çalışıyor: http://localhost:3001
Veritabanına bağlanılıyor...
MSSQL bağlantısı başarılı!
◇ injecting env (6) from .env // tip: ⌘ suppress logs { quiet: true }
Backend çalışıyor: http://localhost:3001
Veritabanına bağlanılıyor...
MSSQL bağlantısı başarılı!
